c:\users\pingchuan ma\dropbox\share\compiler-asg5\compiler-asg5\debug\vc140.pdb
c:\users\pingchuan ma\dropbox\share\compiler-asg5\compiler-asg5\debug\vc140.idb
c:\users\pingchuan ma\dropbox\share\compiler-asg5\compiler-asg5\debug\ast.obj
c:\users\pingchuan ma\dropbox\share\compiler-asg5\compiler-asg5\debug\astnode.obj
c:\users\pingchuan ma\dropbox\share\compiler-asg5\compiler-asg5\debug\mylexer.obj
c:\users\pingchuan ma\dropbox\share\compiler-asg5\compiler-asg5\debug\myparser.obj
c:\users\pingchuan ma\documents\visual studio 2015\projects\compiler-asg5\compiler-asg5\debug\vc140.pdb
c:\users\pingchuan ma\documents\visual studio 2015\projects\compiler-asg5\compiler-asg5\debug\vc140.idb
c:\users\pingchuan ma\documents\visual studio 2015\projects\compiler-asg5\compiler-asg5\debug\astnode.obj
c:\users\pingchuan ma\documents\visual studio 2015\projects\compiler-asg5\compiler-asg5\debug\myparser.obj
c:\users\pingchuan ma\documents\visual studio 2015\projects\compiler-asg5\compiler-asg5\debug\mylexer.obj
c:\users\pingchuan ma\documents\visual studio 2015\projects\compiler-asg5\compiler-asg5\debug\ast.obj
c:\users\pingchuan ma\documents\visual studio 2015\projects\compiler-asg5\compiler-asg5\debug\str_util.obj
c:\users\pingchuan ma\dropbox\share\compiler-asg5\debug\compiler-asg5.ilk
c:\users\pingchuan ma\dropbox\share\compiler-asg5\debug\compiler-asg5.exe
c:\users\pingchuan ma\dropbox\share\compiler-asg5\debug\compiler-asg5.pdb
c:\users\pingchuan ma\documents\visual studio 2015\projects\compiler-asg5\debug\compiler-asg5.ilk
c:\users\pingchuan ma\documents\visual studio 2015\projects\compiler-asg5\debug\compiler-asg5.exe
c:\users\pingchuan ma\documents\visual studio 2015\projects\compiler-asg5\debug\compiler-asg5.pdb
c:\users\pingchuan ma\documents\visual studio 2015\projects\compiler-asg5\compiler-asg5\debug\yyacback.obj
c:\users\pingchuan ma\documents\visual studio 2015\projects\compiler-asg5\compiler-asg5\debug\yyaccpya.obj
c:\users\pingchuan ma\documents\visual studio 2015\projects\compiler-asg5\compiler-asg5\debug\yyacdci.obj
c:\users\pingchuan ma\documents\visual studio 2015\projects\compiler-asg5\compiler-asg5\debug\yyacdcic.obj
c:\users\pingchuan ma\documents\visual studio 2015\projects\compiler-asg5\compiler-asg5\debug\yyacdela.obj
c:\users\pingchuan ma\documents\visual studio 2015\projects\compiler-asg5\compiler-asg5\debug\yyacdisc.obj
c:\users\pingchuan ma\documents\visual studio 2015\projects\compiler-asg5\compiler-asg5\debug\yyacdop.obj
c:\users\pingchuan ma\documents\visual studio 2015\projects\compiler-asg5\compiler-asg5\debug\yyacdpop.obj
c:\users\pingchuan ma\documents\visual studio 2015\projects\compiler-asg5\compiler-asg5\debug\yyacecho.obj
c:\users\pingchuan ma\documents\visual studio 2015\projects\compiler-asg5\compiler-asg5\debug\yyacgetc.obj
c:\users\pingchuan ma\documents\visual studio 2015\projects\compiler-asg5\compiler-asg5\debug\yyacgtok.obj
c:\users\pingchuan ma\documents\visual studio 2015\projects\compiler-asg5\compiler-asg5\debug\yyacinp.obj
c:\users\pingchuan ma\documents\visual studio 2015\projects\compiler-asg5\compiler-asg5\debug\yyaclcln.obj
c:\users\pingchuan ma\documents\visual studio 2015\projects\compiler-asg5\compiler-asg5\debug\yyaclcon.obj
c:\users\pingchuan ma\documents\visual studio 2015\projects\compiler-asg5\compiler-asg5\debug\yyaclcre.obj
c:\users\pingchuan ma\documents\visual studio 2015\projects\compiler-asg5\compiler-asg5\debug\yyacldbg.obj
c:\users\pingchuan ma\documents\visual studio 2015\projects\compiler-asg5\compiler-asg5\debug\yyacldes.obj
c:\users\pingchuan ma\documents\visual studio 2015\projects\compiler-asg5\compiler-asg5\debug\yyaclerr.obj
c:\users\pingchuan ma\documents\visual studio 2015\projects\compiler-asg5\compiler-asg5\debug\yyacless.obj
c:\users\pingchuan ma\documents\visual studio 2015\projects\compiler-asg5\compiler-asg5\debug\yyaclex.obj
c:\users\pingchuan ma\documents\visual studio 2015\projects\compiler-asg5\compiler-asg5\debug\yyaclexc.obj
c:\users\pingchuan ma\documents\visual studio 2015\projects\compiler-asg5\compiler-asg5\debug\yyaclvts.obj
c:\users\pingchuan ma\documents\visual studio 2015\projects\compiler-asg5\compiler-asg5\debug\yyaclvtv.obj
c:\users\pingchuan ma\documents\visual studio 2015\projects\compiler-asg5\compiler-asg5\debug\yyacnewa.obj
c:\users\pingchuan ma\documents\visual studio 2015\projects\compiler-asg5\compiler-asg5\debug\yyacoutp.obj
c:\users\pingchuan ma\documents\visual studio 2015\projects\compiler-asg5\compiler-asg5\debug\yyacpar.obj
c:\users\pingchuan ma\documents\visual studio 2015\projects\compiler-asg5\compiler-asg5\debug\yyacpcln.obj
c:\users\pingchuan ma\documents\visual studio 2015\projects\compiler-asg5\compiler-asg5\debug\yyacpcon.obj
c:\users\pingchuan ma\documents\visual studio 2015\projects\compiler-asg5\compiler-asg5\debug\yyacpcre.obj
c:\users\pingchuan ma\documents\visual studio 2015\projects\compiler-asg5\compiler-asg5\debug\yyacpdbg.obj
c:\users\pingchuan ma\documents\visual studio 2015\projects\compiler-asg5\compiler-asg5\debug\yyacpdes.obj
c:\users\pingchuan ma\documents\visual studio 2015\projects\compiler-asg5\compiler-asg5\debug\yyacperr.obj
c:\users\pingchuan ma\documents\visual studio 2015\projects\compiler-asg5\compiler-asg5\debug\yyacpop.obj
c:\users\pingchuan ma\documents\visual studio 2015\projects\compiler-asg5\compiler-asg5\debug\yyacpp.obj
c:\users\pingchuan ma\documents\visual studio 2015\projects\compiler-asg5\compiler-asg5\debug\yyacpush.obj
c:\users\pingchuan ma\documents\visual studio 2015\projects\compiler-asg5\compiler-asg5\debug\yyacres.obj
c:\users\pingchuan ma\documents\visual studio 2015\projects\compiler-asg5\compiler-asg5\debug\yyacserr.obj
c:\users\pingchuan ma\documents\visual studio 2015\projects\compiler-asg5\compiler-asg5\debug\yyacsin.obj
c:\users\pingchuan ma\documents\visual studio 2015\projects\compiler-asg5\compiler-asg5\debug\yyacsofw.obj
c:\users\pingchuan ma\documents\visual studio 2015\projects\compiler-asg5\compiler-asg5\debug\yyacsskp.obj
c:\users\pingchuan ma\documents\visual studio 2015\projects\compiler-asg5\compiler-asg5\debug\yyacsssz.obj
c:\users\pingchuan ma\documents\visual studio 2015\projects\compiler-asg5\compiler-asg5\debug\yyacstsz.obj
c:\users\pingchuan ma\documents\visual studio 2015\projects\compiler-asg5\compiler-asg5\debug\yyacstv.obj
c:\users\pingchuan ma\documents\visual studio 2015\projects\compiler-asg5\compiler-asg5\debug\yyacsup.obj
c:\users\pingchuan ma\documents\visual studio 2015\projects\compiler-asg5\compiler-asg5\debug\yyacsusz.obj
c:\users\pingchuan ma\documents\visual studio 2015\projects\compiler-asg5\compiler-asg5\debug\yyactofw.obj
c:\users\pingchuan ma\documents\visual studio 2015\projects\compiler-asg5\compiler-asg5\debug\yyacucin.obj
c:\users\pingchuan ma\documents\visual studio 2015\projects\compiler-asg5\compiler-asg5\debug\yyacunp.obj
c:\users\pingchuan ma\documents\visual studio 2015\projects\compiler-asg5\compiler-asg5\debug\yyacuofw.obj
c:\users\pingchuan ma\documents\visual studio 2015\projects\compiler-asg5\compiler-asg5\debug\yyacvtlv.obj
c:\users\pingchuan ma\documents\visual studio 2015\projects\compiler-asg5\compiler-asg5\debug\yyacvts.obj
c:\users\pingchuan ma\documents\visual studio 2015\projects\compiler-asg5\compiler-asg5\debug\yyacwip.obj
c:\users\pingchuan ma\documents\visual studio 2015\projects\compiler-asg5\compiler-asg5\debug\yyacwrap.obj
c:\users\pingchuan ma\documents\visual studio 2015\projects\compiler-asg5\compiler-asg5\debug\yyacwrk.obj
c:\users\pingchuan ma\documents\visual studio 2015\projects\compiler-asg5\compiler-asg5\debug\yyacwrkc.obj
c:\users\pingchuan ma\documents\visual studio 2015\projects\compiler-asg5\compiler-asg5\debug\yywcback.obj
c:\users\pingchuan ma\documents\visual studio 2015\projects\compiler-asg5\compiler-asg5\debug\yywccpya.obj
c:\users\pingchuan ma\documents\visual studio 2015\projects\compiler-asg5\compiler-asg5\debug\yywcdci.obj
c:\users\pingchuan ma\documents\visual studio 2015\projects\compiler-asg5\compiler-asg5\debug\yywcdcic.obj
c:\users\pingchuan ma\documents\visual studio 2015\projects\compiler-asg5\compiler-asg5\debug\yywcdela.obj
c:\users\pingchuan ma\documents\visual studio 2015\projects\compiler-asg5\compiler-asg5\debug\yywcdisc.obj
c:\users\pingchuan ma\documents\visual studio 2015\projects\compiler-asg5\compiler-asg5\debug\yywcdop.obj
c:\users\pingchuan ma\documents\visual studio 2015\projects\compiler-asg5\compiler-asg5\debug\yywcdpop.obj
c:\users\pingchuan ma\documents\visual studio 2015\projects\compiler-asg5\compiler-asg5\debug\yywcecho.obj
c:\users\pingchuan ma\documents\visual studio 2015\projects\compiler-asg5\compiler-asg5\debug\yywcgetc.obj
c:\users\pingchuan ma\documents\visual studio 2015\projects\compiler-asg5\compiler-asg5\debug\yywcgtok.obj
c:\users\pingchuan ma\documents\visual studio 2015\projects\compiler-asg5\compiler-asg5\debug\yywcinp.obj
c:\users\pingchuan ma\documents\visual studio 2015\projects\compiler-asg5\compiler-asg5\debug\yywclcln.obj
c:\users\pingchuan ma\documents\visual studio 2015\projects\compiler-asg5\compiler-asg5\debug\yywclcon.obj
c:\users\pingchuan ma\documents\visual studio 2015\projects\compiler-asg5\compiler-asg5\debug\yywclcre.obj
c:\users\pingchuan ma\documents\visual studio 2015\projects\compiler-asg5\compiler-asg5\debug\yywcldbg.obj
c:\users\pingchuan ma\documents\visual studio 2015\projects\compiler-asg5\compiler-asg5\debug\yywcldes.obj
c:\users\pingchuan ma\documents\visual studio 2015\projects\compiler-asg5\compiler-asg5\debug\yywclerr.obj
c:\users\pingchuan ma\documents\visual studio 2015\projects\compiler-asg5\compiler-asg5\debug\yywcless.obj
c:\users\pingchuan ma\documents\visual studio 2015\projects\compiler-asg5\compiler-asg5\debug\yywclex.obj
c:\users\pingchuan ma\documents\visual studio 2015\projects\compiler-asg5\compiler-asg5\debug\yywclexc.obj
c:\users\pingchuan ma\documents\visual studio 2015\projects\compiler-asg5\compiler-asg5\debug\yywclvts.obj
c:\users\pingchuan ma\documents\visual studio 2015\projects\compiler-asg5\compiler-asg5\debug\yywclvtv.obj
c:\users\pingchuan ma\documents\visual studio 2015\projects\compiler-asg5\compiler-asg5\debug\yywcnewa.obj
c:\users\pingchuan ma\documents\visual studio 2015\projects\compiler-asg5\compiler-asg5\debug\yywcoutp.obj
c:\users\pingchuan ma\documents\visual studio 2015\projects\compiler-asg5\compiler-asg5\debug\yywcpar.obj
c:\users\pingchuan ma\documents\visual studio 2015\projects\compiler-asg5\compiler-asg5\debug\yywcpcln.obj
c:\users\pingchuan ma\documents\visual studio 2015\projects\compiler-asg5\compiler-asg5\debug\yywcpcon.obj
c:\users\pingchuan ma\documents\visual studio 2015\projects\compiler-asg5\compiler-asg5\debug\yywcpcre.obj
c:\users\pingchuan ma\documents\visual studio 2015\projects\compiler-asg5\compiler-asg5\debug\yywcpdbg.obj
c:\users\pingchuan ma\documents\visual studio 2015\projects\compiler-asg5\compiler-asg5\debug\yywcpdes.obj
c:\users\pingchuan ma\documents\visual studio 2015\projects\compiler-asg5\compiler-asg5\debug\yywcperr.obj
c:\users\pingchuan ma\documents\visual studio 2015\projects\compiler-asg5\compiler-asg5\debug\yywcpop.obj
c:\users\pingchuan ma\documents\visual studio 2015\projects\compiler-asg5\compiler-asg5\debug\yywcpp.obj
c:\users\pingchuan ma\documents\visual studio 2015\projects\compiler-asg5\compiler-asg5\debug\yywcpush.obj
c:\users\pingchuan ma\documents\visual studio 2015\projects\compiler-asg5\compiler-asg5\debug\yywcres.obj
c:\users\pingchuan ma\documents\visual studio 2015\projects\compiler-asg5\compiler-asg5\debug\yywcserr.obj
c:\users\pingchuan ma\documents\visual studio 2015\projects\compiler-asg5\compiler-asg5\debug\yywcsin.obj
c:\users\pingchuan ma\documents\visual studio 2015\projects\compiler-asg5\compiler-asg5\debug\yywcsofw.obj
c:\users\pingchuan ma\documents\visual studio 2015\projects\compiler-asg5\compiler-asg5\debug\yywcsskp.obj
c:\users\pingchuan ma\documents\visual studio 2015\projects\compiler-asg5\compiler-asg5\debug\yywcsssz.obj
c:\users\pingchuan ma\documents\visual studio 2015\projects\compiler-asg5\compiler-asg5\debug\yywcstsz.obj
c:\users\pingchuan ma\documents\visual studio 2015\projects\compiler-asg5\compiler-asg5\debug\yywcstv.obj
c:\users\pingchuan ma\documents\visual studio 2015\projects\compiler-asg5\compiler-asg5\debug\yywcsup.obj
c:\users\pingchuan ma\documents\visual studio 2015\projects\compiler-asg5\compiler-asg5\debug\yywcsusz.obj
c:\users\pingchuan ma\documents\visual studio 2015\projects\compiler-asg5\compiler-asg5\debug\yywctofw.obj
c:\users\pingchuan ma\documents\visual studio 2015\projects\compiler-asg5\compiler-asg5\debug\yywcucin.obj
c:\users\pingchuan ma\documents\visual studio 2015\projects\compiler-asg5\compiler-asg5\debug\yywcunp.obj
c:\users\pingchuan ma\documents\visual studio 2015\projects\compiler-asg5\compiler-asg5\debug\yywcuofw.obj
c:\users\pingchuan ma\documents\visual studio 2015\projects\compiler-asg5\compiler-asg5\debug\yywcvtlv.obj
c:\users\pingchuan ma\documents\visual studio 2015\projects\compiler-asg5\compiler-asg5\debug\yywcvts.obj
c:\users\pingchuan ma\documents\visual studio 2015\projects\compiler-asg5\compiler-asg5\debug\yywcwipe.obj
c:\users\pingchuan ma\documents\visual studio 2015\projects\compiler-asg5\compiler-asg5\debug\yywcwrap.obj
c:\users\pingchuan ma\documents\visual studio 2015\projects\compiler-asg5\compiler-asg5\debug\yywcwrk.obj
c:\users\pingchuan ma\documents\visual studio 2015\projects\compiler-asg5\compiler-asg5\debug\yywcwrkc.obj
c:\users\pingchuan ma\documents\visual studio 2015\projects\compiler-asg5\compiler-asg5\debug\compiler-asg5.tlog\cl.command.1.tlog
c:\users\pingchuan ma\documents\visual studio 2015\projects\compiler-asg5\compiler-asg5\debug\compiler-asg5.tlog\cl.read.1.tlog
c:\users\pingchuan ma\documents\visual studio 2015\projects\compiler-asg5\compiler-asg5\debug\compiler-asg5.tlog\cl.write.1.tlog
c:\users\pingchuan ma\documents\visual studio 2015\projects\compiler-asg5\compiler-asg5\debug\compiler-asg5.tlog\link.command.1.tlog
c:\users\pingchuan ma\documents\visual studio 2015\projects\compiler-asg5\compiler-asg5\debug\compiler-asg5.tlog\link.read.1.tlog
c:\users\pingchuan ma\documents\visual studio 2015\projects\compiler-asg5\compiler-asg5\debug\compiler-asg5.tlog\link.write.1.tlog
